<?xml version="1.0" encoding="utf-8"?><testsuites name="pytest tests"><testsuite name="pytest" errors="0" failures="0" skipped="0" tests="9" time="10.479" timestamp="2026-06-16T03:30:08.471721+00:00" hostname="agent-env-fd0e4f83-a9ad-4d6e-b821-d4cc82ca6958"><testcase classname="backend.tests.test_polish_v2_rename_ttl_inventory" name="test_catalog_has_renamed_rooms" time="0.272" /><testcase classname="backend.tests.test_polish_v2_rename_ttl_inventory" name="test_quote_standard_no_ht" time="0.045" /><testcase classname="backend.tests.test_polish_v2_rename_ttl_inventory" name="test_quote_standard_ht" time="0.046" /><testcase classname="backend.tests.test_polish_v2_rename_ttl_inventory" name="test_ttl_old_pending_does_not_block" time="1.895" /><testcase classname="backend.tests.test_polish_v2_rename_ttl_inventory" name="test_ttl_recent_pending_does_block" time="1.576" /><testcase classname="backend.tests.test_polish_v2_rename_ttl_inventory" name="test_admin_inventory_shape_and_data" time="3.270" /><testcase classname="backend.tests.test_polish_v2_rename_ttl_inventory" name="test_funnel_standard_returns_stripe_url" time="1.636" /><testcase classname="backend.tests.test_polish_v2_rename_ttl_inventory" name="test_funnel_standard_ht_returns_stripe_url" time="1.592" /><testcase classname="backend.tests.test_polish_v2_rename_ttl_inventory" name="test_zz_cleanup" time="0.002" /></testsuite></testsuites>