<?xml version="1.0" encoding="utf-8"?><testsuites name="pytest tests"><testsuite name="pytest" errors="0" failures="0" skipped="0" tests="9" time="8.675" timestamp="2026-06-12T01:34:52.437823+00:00" hostname="agent-env-fd0e4f83-a9ad-4d6e-b821-d4cc82ca6958"><testcase classname="backend.tests.test_perks_api" name="test_catalog_reachable" time="0.255" /><testcase classname="backend.tests.test_perks_api" name="test_checkout_with_blueberry_facial" time="1.939" /><testcase classname="backend.tests.test_perks_api" name="test_checkout_with_nail_trim_default" time="1.497" /><testcase classname="backend.tests.test_perks_api" name="test_invalid_spa_perk_coerced_to_default" time="1.474" /><testcase classname="backend.tests.test_perks_api" name="test_multiple_pets_different_perks" time="1.479" /><testcase classname="backend.tests.test_perks_api" name="test_no_pets_empty_perks" time="1.450" /><testcase classname="backend.tests.test_perks_api" name="test_admin_bookings_requires_token" time="0.093" /><testcase classname="backend.tests.test_perks_api" name="test_admin_bookings_wrong_token" time="0.163" /><testcase classname="backend.tests.test_perks_api" name="test_zz_cleanup_all_test_bookings" time="0.097" /></testsuite></testsuites>